# JRE version: OpenJDK Runtime Environment (17.0.9) (build 17.0.9+0--11185874)
# Java VM: OpenJDK 64-Bit Server VM (17.0.9+0--11185874, mixed mode, tiered, compressed oops, compressed class ptrs, g1 gc, windows-amd64)
GC Precious Log:
 CPUs: 4 total, 4 available
 Memory: 7991M
 Large Page Support: Disabled
 NUMA Support: Disabled
 Compressed Oops: Enabled (32-bit)
 Heap Region Size: 1M
 Heap Min Capacity: 8M
 Heap Initial Capacity: 126M
 Heap Max Capacity: 2G
 Pre-touch: Disabled
 Parallel Workers: 4
 Concurrent Workers: 1
 Concurrent Refinement Workers: 4
 Periodic GC: Disabled
Heap:
 garbage-first heap   total 211968K, used 176591K [0x0000000080000000, 0x0000000100000000)
  region size 1024K, 67 young (68608K), 1 survivors (1024K)
 Metaspace       used 106366K, committed 107136K, reserved 1179648K
  class space    used 14529K, committed 14912K, reserved 1048576K
GC Heap History (20 events):
Event: 16.606 GC heap before
{Heap before GC invocations=32 (full 0):
 garbage-first heap   total 211968K, used 142354K [0x0000000080000000, 0x0000000100000000)
  region size 1024K, 76 young (77824K), 2 survivors (2048K)
 Metaspace       used 68049K, committed 68672K, reserved 1114112K
  class space    used 9165K, committed 9472K, reserved 1048576K
}
Event: 16.616 GC heap after
{Heap after GC invocations=33 (full 0):
 garbage-first heap   total 211968K, used 70952K [0x0000000080000000, 0x0000000100000000)
  region size 1024K, 8 young (8192K), 8 survivors (8192K)
 Metaspace       used 68049K, committed 68672K, reserved 1114112K
  class space    used 9165K, committed 9472K, reserved 1048576K
}
Event: 18.802 GC heap before
{Heap before GC invocations=33 (full 0):
 garbage-first heap   total 211968K, used 162088K [0x0000000080000000, 0x0000000100000000)
  region size 1024K, 94 young (96256K), 8 survivors (8192K)
 Metaspace       used 75195K, committed 75840K, reserved 1179648K
  class space    used 10138K, committed 10432K, reserved 1048576K
}
Event: 18.816 GC heap after
{Heap after GC invocations=34 (full 0):
 garbage-first heap   total 211968K, used 74878K [0x0000000080000000, 0x0000000100000000)
  region size 1024K, 6 young (6144K), 6 survivors (6144K)
 Metaspace       used 75195K, committed 75840K, reserved 1179648K
  class space    used 10138K, committed 10432K, reserved 1048576K
}
Event: 20.200 GC heap before
{Heap before GC invocations=34 (full 0):
 garbage-first heap   total 211968K, used 158846K [0x0000000080000000, 0x0000000100000000)
  region size 1024K, 89 young (91136K), 6 survivors (6144K)
 Metaspace       used 81569K, committed 82240K, reserved 1179648K
  class space    used 10986K, committed 11328K, reserved 1048576K
}
Event: 20.208 GC heap after
{Heap after GC invocations=35 (full 0):
 garbage-first heap   total 211968K, used 79471K [0x0000000080000000, 0x0000000100000000)
  region size 1024K, 11 young (11264K), 11 survivors (11264K)
 Metaspace       used 81569K, committed 82240K, reserved 1179648K
  class space    used 10986K, committed 11328K, reserved 1048576K
}
Event: 21.429 GC heap before
{Heap before GC invocations=35 (full 0):
 garbage-first heap   total 211968K, used 165487K [0x0000000080000000, 0x0000000100000000)
  region size 1024K, 94 young (96256K), 11 survivors (11264K)
 Metaspace       used 87619K, committed 88320K, reserved 1179648K
  class space    used 12023K, committed 12352K, reserved 1048576K
}
Event: 21.440 GC heap after
{Heap after GC invocations=36 (full 0):
 garbage-first heap   total 211968K, used 82390K [0x0000000080000000, 0x0000000100000000)
  region size 1024K, 8 young (8192K), 8 survivors (8192K)
 Metaspace       used 87619K, committed 88320K, reserved 1179648K
  class space    used 12023K, committed 12352K, reserved 1048576K
}
Event: 23.047 GC heap before
{Heap before GC invocations=36 (full 0):
 garbage-first heap   total 211968K, used 168406K [0x0000000080000000, 0x0000000100000000)
  region size 1024K, 92 young (94208K), 8 survivors (8192K)
 Metaspace       used 93901K, committed 94592K, reserved 1179648K
  class space    used 12946K, committed 13248K, reserved 1048576K
}
Event: 23.060 GC heap after
{Heap after GC invocations=37 (full 0):
 garbage-first heap   total 211968K, used 86413K [0x0000000080000000, 0x0000000100000000)
  region size 1024K, 7 young (7168K), 7 survivors (7168K)
 Metaspace       used 93901K, committed 94592K, reserved 1179648K
  class space    used 12946K, committed 13248K, reserved 1048576K
}
Event: 24.656 GC heap before
{Heap before GC invocations=37 (full 0):
 garbage-first heap   total 211968K, used 170381K [0x0000000080000000, 0x0000000100000000)
  region size 1024K, 90 young (92160K), 7 survivors (7168K)
 Metaspace       used 100542K, committed 101312K, reserved 1179648K
  class space    used 13851K, committed 14208K, reserved 1048576K
}
Event: 24.672 GC heap after
{Heap after GC invocations=38 (full 0):
 garbage-first heap   total 211968K, used 92663K [0x0000000080000000, 0x0000000100000000)
  region size 1024K, 10 young (10240K), 10 survivors (10240K)
 Metaspace       used 100542K, committed 101312K, reserved 1179648K
  class space    used 13851K, committed 14208K, reserved 1048576K
}
Event: 25.048 GC heap before
{Heap before GC invocations=38 (full 0):
 garbage-first heap   total 211968K, used 106999K [0x0000000080000000, 0x0000000100000000)
  region size 1024K, 21 young (21504K), 10 survivors (10240K)
 Metaspace       used 101644K, committed 102336K, reserved 1179648K
  class space    used 13903K, committed 14272K, reserved 1048576K
}
Event: 25.062 GC heap after
{Heap after GC invocations=39 (full 0):
 garbage-first heap   total 211968K, used 95831K [0x0000000080000000, 0x0000000100000000)
  region size 1024K, 8 young (8192K), 8 survivors (8192K)
 Metaspace       used 101644K, committed 102336K, reserved 1179648K
  class space    used 13903K, committed 14272K, reserved 1048576K
}
Event: 26.859 GC heap before
{Heap before GC invocations=40 (full 0):
 garbage-first heap   total 211968K, used 164439K [0x0000000080000000, 0x0000000100000000)
  region size 1024K, 76 young (77824K), 8 survivors (8192K)
 Metaspace       used 104208K, committed 104960K, reserved 1179648K
  class space    used 14322K, committed 14656K, reserved 1048576K
}
Event: 26.878 GC heap after
{Heap after GC invocations=41 (full 0):
 garbage-first heap   total 211968K, used 100700K [0x0000000080000000, 0x0000000100000000)
  region size 1024K, 9 young (9216K), 9 survivors (9216K)
 Metaspace       used 104208K, committed 104960K, reserved 1179648K
  class space    used 14322K, committed 14656K, reserved 1048576K
}
Event: 26.913 GC heap before
{Heap before GC invocations=41 (full 0):
 garbage-first heap   total 211968K, used 100700K [0x0000000080000000, 0x0000000100000000)
  region size 1024K, 10 young (10240K), 9 survivors (9216K)
 Metaspace       used 104208K, committed 104960K, reserved 1179648K
  class space    used 14322K, committed 14656K, reserved 1048576K
}
Event: 26.927 GC heap after
{Heap after GC invocations=42 (full 0):
 garbage-first heap   total 211968K, used 100409K [0x0000000080000000, 0x0000000100000000)
  region size 1024K, 1 young (1024K), 1 survivors (1024K)
 Metaspace       used 104208K, committed 104960K, reserved 1179648K
  class space    used 14322K, committed 14656K, reserved 1048576K
}
Event: 28.287 GC heap before
{Heap before GC invocations=42 (full 0):
 garbage-first heap   total 211968K, used 104505K [0x0000000080000000, 0x0000000100000000)
  region size 1024K, 6 young (6144K), 1 survivors (1024K)
 Metaspace       used 104479K, committed 105216K, reserved 1179648K
  class space    used 14362K, committed 14720K, reserved 1048576K
}
Event: 28.289 GC heap after
{Heap after GC invocations=43 (full 0):
 garbage-first heap   total 211968K, used 99791K [0x0000000080000000, 0x0000000100000000)
  region size 1024K, 1 young (1024K), 1 survivors (1024K)
 Metaspace       used 104479K, committed 105216K, reserved 1179648K
  class space    used 14362K, committed 14720K, reserved 1048576K
}

